{
  "RSpec": {
    "coverage": {
      "/home/ricardo/Documents/Studies/OneBitCode-Rspec/test_like_a_hero/spec/support/request_helper.rb": [
        1,
        1,
        1,
        56,
        null,
        null,
        null
      ],
      "/home/ricardo/Documents/Studies/OneBitCode-Rspec/test_like_a_hero/app/models/enemy.rb": [
        1,
        1,
        1,
        1,
        null,
        1,
        74,
        null,
        null,
        null,
        null,
        1,
        86,
        null,
        null
      ],
      "/home/ricardo/Documents/Studies/OneBitCode-Rspec/test_like_a_hero/app/models/application_record.rb": [
        1,
        1,
        null
      ],
      "/home/ricardo/Documents/Studies/OneBitCode-Rspec/test_like_a_hero/spec/models/user_spec.rb": [
        1,
        null,
        1,
        1,
        1,
        1,
        null,
        1,
        1,
        1,
        1,
        1,
        1,
        null,
        null
      ],
      "/home/ricardo/Documents/Studies/OneBitCode-Rspec/test_like_a_hero/app/models/user.rb": [
        1,
        1,
        1,
        null,
        1,
        7,
        null,
        null
      ],
      "/home/ricardo/Documents/Studies/OneBitCode-Rspec/test_like_a_hero/spec/models/weapon_spec.rb": [
        1,
        null,
        1,
        1,
        1,
        1,
        1,
        null,
        1,
        1,
        1,
        1,
        1,
        null,
        null
      ],
      "/home/ricardo/Documents/Studies/OneBitCode-Rspec/test_like_a_hero/app/models/weapon.rb": [
        1,
        null,
        1,
        null,
        1,
        53,
        null,
        null,
        1,
        53,
        null,
        null,
        null
      ],
      "/home/ricardo/Documents/Studies/OneBitCode-Rspec/test_like_a_hero/spec/requests/enemies_spec.rb": [
        1,
        null,
        1,
        null,
        1,
        7,
        7,
        7,
        null,
        1,
        1,
        1,
        null,
        1,
        1,
        10,
        null,
        null,
        1,
        1,
        10,
        null,
        null,
        1,
        1,
        10,
        null,
        null,
        1,
        1,
        10,
        null,
        null,
        1,
        1,
        10,
        null,
        null,
        null,
        null,
        null,
        1,
        1,
        1,
        1,
        1,
        1,
        1,
        1,
        1,
        null,
        null,
        null,
        1,
        1,
        1,
        1,
        1,
        1,
        null,
        null,
        null,
        1,
        1,
        1,
        1,
        null,
        null,
        null,
        null,
        null,
        1,
        1,
        4,
        4,
        null,
        4,
        null,
        1,
        1,
        null,
        1,
        1,
        null,
        1,
        1,
        null,
        null,
        null,
        1,
        3,
        1,
        1,
        null,
        1,
        1,
        null,
        null,
        null,
        null,
        1,
        1,
        3,
        3,
        null,
        1,
        1,
        null,
        1,
        2,
        null,
        null,
        null,
        1,
        3,
        1,
        1,
        null,
        1,
        1,
        null,
        null,
        null,
        null,
        null
      ],
      "/home/ricardo/Documents/Studies/OneBitCode-Rspec/test_like_a_hero/spec/requests/users_spec.rb": [
        1,
        null,
        1,
        1,
        1,
        1,
        1,
        null,
        1,
        1,
        1,
        1,
        3,
        null,
        null,
        null,
        null,
        1,
        1,
        1,
        1,
        1,
        1,
        null,
        null,
        null,
        1,
        1,
        1,
        1,
        null,
        null,
        null,
        null,
        null,
        null,
        null,
        null
      ],
      "/home/ricardo/Documents/Studies/OneBitCode-Rspec/test_like_a_hero/spec/requests/weapons_spec.rb": [
        1,
        null,
        1,
        1,
        5,
        5,
        5,
        null,
        1,
        1,
        10,
        null,
        null,
        1,
        1,
        10,
        null,
        null,
        1,
        1,
        10,
        null,
        null,
        1,
        1,
        10,
        null,
        null,
        null,
        null,
        1,
        1,
        1,
        1,
        1,
        1,
        1,
        1,
        1,
        1,
        1,
        null,
        null,
        null,
        1,
        1,
        1,
        1,
        1,
        1,
        null,
        null,
        1,
        1,
        1,
        1,
        null,
        null,
        null,
        null,
        null,
        1,
        1,
        1,
        1,
        1,
        null,
        null,
        null
      ],
      "/home/ricardo/Documents/Studies/OneBitCode-Rspec/test_like_a_hero/app/controllers/application_controller.rb": [
        1,
        null
      ],
      "/home/ricardo/Documents/Studies/OneBitCode-Rspec/test_like_a_hero/app/controllers/enemies_controller.rb": [
        1,
        1,
        null,
        1,
        7,
        7,
        null,
        null,
        1,
        1,
        null,
        null,
        1,
        2,
        2,
        null,
        0,
        null,
        null,
        null,
        1,
        3,
        3,
        null,
        0,
        null,
        null,
        null,
        1,
        2,
        2,
        null,
        null,
        1,
        null,
        1,
        5,
        null,
        null,
        1,
        null,
        10,
        4,
        4,
        null,
        null,
        null,
        null
      ],
      "/home/ricardo/Documents/Studies/OneBitCode-Rspec/test_like_a_hero/app/controllers/users_controller.rb": [
        1,
        1,
        2,
        null,
        null,
        1,
        2,
        2,
        null,
        null,
        1,
        null,
        1,
        2,
        null,
        null
      ],
      "/home/ricardo/Documents/Studies/OneBitCode-Rspec/test_like_a_hero/app/controllers/weapons_controller.rb": [
        1,
        null,
        1,
        4,
        null,
        null,
        1,
        2,
        2,
        null,
        null,
        1,
        1,
        null,
        null,
        1,
        1,
        1,
        1,
        1,
        1,
        null,
        null,
        1,
        null,
        1,
        2,
        null,
        null,
        null
      ]
    },
    "timestamp": 1578256545
  }
}
